<?xml version="1.0" encoding="UTF-8"?>
<testng-results ignored="0" total="2" passed="2" failed="0" skipped="0">
  <reporter-output>
  </reporter-output>
  <suite started-at="2022-03-07T00:01:34 PST" name="Default suite" finished-at="2022-03-07T00:01:34 PST" duration-ms="176">
    <groups>
    </groups>
    <test started-at="2022-03-07T00:01:34 PST" name="Default test" finished-at="2022-03-07T00:01:34 PST" duration-ms="176">
      <class name="com.testng.org.Data_Provider">
        <test-method signature="testData(java.lang.String,int)[pri:0, instance:com.testng.org.Data_Provider@62150f9e]" started-at="2022-03-07T00:01:34 PST" name="testData" data-provider="datas" finished-at="2022-03-07T00:01:34 PST" duration-ms="15" status="PASS">
          <params>
            <param index="0">
              <value>
                <![CDATA[Ashwin]]>
              </value>
            </param>
            <param index="1">
              <value>
                <![CDATA[25]]>
              </value>
            </param>
          </params>
          <reporter-output>
          </reporter-output>
        </test-method> <!-- testData -->
        <test-method signature="testData(java.lang.String,int)[pri:0, instance:com.testng.org.Data_Provider@62150f9e]" started-at="2022-03-07T00:01:34 PST" name="testData" data-provider="datas" finished-at="2022-03-07T00:01:34 PST" duration-ms="3" status="PASS">
          <params>
            <param index="0">
              <value>
                <![CDATA[gowtham]]>
              </value>
            </param>
            <param index="1">
              <value>
                <![CDATA[45]]>
              </value>
            </param>
          </params>
          <reporter-output>
          </reporter-output>
        </test-method> <!-- testData -->
      </class> <!-- com.testng.org.Data_Provider -->
    </test> <!-- Default test -->
  </suite> <!-- Default suite -->
</testng-results>
